2025-05-08 15:36:31 0 [Note] Starting MariaDB 11.7.2-MariaDB source revision 80067a69feaeb5df30abb1bfaf7d4e713ccbf027 server_uid fe3MHy95kGr72QFnhqyMDqoXbes= as process 21596
2025-05-08 15:36:31 0 [Note] InnoDB: The first data file './ibdata1' did not exist. A new tablespace will be created!
2025-05-08 15:36:31 0 [Note] InnoDB: Compressed tables use zlib 1.3.1
2025-05-08 15:36:31 0 [Note] InnoDB: Number of transaction pools: 1
2025-05-08 15:36:31 0 [Note] InnoDB: Using crc32 + pclmulqdq instructions
2025-05-08 15:36:31 0 [Note] InnoDB: Initializing buffer pool, total size = 1.234GiB, chunk size = 19.750MiB
2025-05-08 15:36:31 0 [Note] InnoDB: Completed initialization of buffer pool
2025-05-08 15:36:31 0 [Note] InnoDB: Setting file './ibdata1' size to 12.000MiB. Physically writing the file full; Please wait ...
2025-05-08 15:36:31 0 [Note] InnoDB: File './ibdata1' size is now 12.000MiB.
2025-05-08 15:36:31 0 [Note] InnoDB: File system buffers for log disabled (block size=4096 bytes)
2025-05-08 15:36:31 0 [Note] InnoDB: Data file .//undo001 did not exist: new to be created
2025-05-08 15:36:31 0 [Note] InnoDB: Setting file .//undo001 size to 10.000MiB
2025-05-08 15:36:31 0 [Note] InnoDB: Database physically writes the file full: wait...
2025-05-08 15:36:31 0 [Note] InnoDB: Data file .//undo002 did not exist: new to be created
2025-05-08 15:36:31 0 [Note] InnoDB: Setting file .//undo002 size to 10.000MiB
2025-05-08 15:36:31 0 [Note] InnoDB: Database physically writes the file full: wait...
2025-05-08 15:36:31 0 [Note] InnoDB: Data file .//undo003 did not exist: new to be created
2025-05-08 15:36:31 0 [Note] InnoDB: Setting file .//undo003 size to 10.000MiB
2025-05-08 15:36:31 0 [Note] InnoDB: Database physically writes the file full: wait...
2025-05-08 15:36:31 0 [Note] InnoDB: Doublewrite buffer not found: creating new
2025-05-08 15:36:31 0 [Note] InnoDB: Doublewrite buffer created
2025-05-08 15:36:31 0 [Note] InnoDB: Opened 3 undo tablespaces
2025-05-08 15:36:31 0 [Note] InnoDB: 128 rollback segments in 3 undo tablespaces are active.
2025-05-08 15:36:31 0 [Note] InnoDB: Setting file './ibtmp1' size to 12.000MiB. Physically writing the file full; Please wait ...
2025-05-08 15:36:31 0 [Note] InnoDB: File './ibtmp1' size is now 12.000MiB.
2025-05-08 15:36:31 0 [Note] InnoDB: log sequence number 0; transaction id 3
2025-05-08 15:36:31 0 [Note] Plugin 'FEEDBACK' is disabled.
2025-05-08 15:36:31 0 [Note] mysqld.exe: SSPI: using principal name 'localhost', mech 'Negotiate'
2025-05-08 15:36:31 0 [ERROR] Could not open mysql.plugin table: "Table 'mysql.plugin' doesn't exist". Some plugins may be not loaded
2025-05-08 15:36:31 0 [ERROR] Can't open and lock privilege tables: Table 'mysql.servers' doesn't exist
2025-05-08 15:36:34 0 [Note] Server socket created on IP: '::'.
2025-05-08 15:36:34 0 [Note] Server socket created on IP: '0.0.0.0'.
2025-05-08 15:36:34 0 [ERROR] Fatal error: Can't open and lock privilege tables: Table 'mysql.db' doesn't exist
2025-05-08 15:36:34 0 [ERROR] Aborting
2025-05-08 15:38:23 0 [Note] Starting MariaDB 11.7.2-MariaDB source revision 80067a69feaeb5df30abb1bfaf7d4e713ccbf027 server_uid fe3MHy95kGr72QFnhqyMDqoXbes= as process 5212
2025-05-08 15:38:23 0 [Note] InnoDB: Compressed tables use zlib 1.3.1
2025-05-08 15:38:23 0 [Note] InnoDB: Number of transaction pools: 1
2025-05-08 15:38:23 0 [Note] InnoDB: Using crc32 + pclmulqdq instructions
2025-05-08 15:38:23 0 [Note] InnoDB: Initializing buffer pool, total size = 1.234GiB, chunk size = 19.750MiB
2025-05-08 15:38:23 0 [Note] InnoDB: Completed initialization of buffer pool
2025-05-08 15:38:23 0 [Note] InnoDB: File system buffers for log disabled (block size=4096 bytes)
2025-05-08 15:38:23 0 [Note] InnoDB: End of log at LSN=37792
2025-05-08 15:38:23 0 [Note] InnoDB: Opened 3 undo tablespaces
2025-05-08 15:38:23 0 [Note] InnoDB: 128 rollback segments in 3 undo tablespaces are active.
2025-05-08 15:38:23 0 [Note] InnoDB: Setting file './ibtmp1' size to 12.000MiB. Physically writing the file full; Please wait ...
2025-05-08 15:38:23 0 [Note] InnoDB: File './ibtmp1' size is now 12.000MiB.
2025-05-08 15:38:23 0 [Note] InnoDB: log sequence number 37792; transaction id 4
2025-05-08 15:38:23 0 [Note] Plugin 'FEEDBACK' is disabled.
2025-05-08 15:38:23 0 [Note] InnoDB: Loading buffer pool(s) from C:\Users\alexi\OneDrive - EPHEC asbl\BAC2\Dev-Web-2024\db\data\ib_buffer_pool
2025-05-08 15:38:23 0 [Note] mysqld.exe: SSPI: using principal name 'localhost', mech 'Negotiate'
2025-05-08 15:38:23 0 [Note] InnoDB: Buffer pool(s) load completed at 250508 15:38:23
2025-05-08 15:38:23 0 [ERROR] Could not open mysql.plugin table: "Table 'mysql.plugin' doesn't exist". Some plugins may be not loaded
2025-05-08 15:38:23 0 [ERROR] Can't open and lock privilege tables: Table 'mysql.servers' doesn't exist
2025-05-08 15:38:24 0 [Note] Server socket created on IP: '::'.
2025-05-08 15:38:24 0 [Note] Server socket created on IP: '0.0.0.0'.
2025-05-08 15:38:24 0 [ERROR] Fatal error: Can't open and lock privilege tables: Table 'mysql.db' doesn't exist
2025-05-08 15:38:24 0 [ERROR] Aborting
